#
# There is insufficient memory for the Java Runtime Environment to continue.
# Native memory allocation (malloc) failed to allocate 65552 bytes for Chunk::new
# Possible reasons:
#   The system is out of physical RAM or swap space
#   In 32 bit mode, the process size limit was hit
# Possible solutions:
#   Reduce memory load on the system
#   Increase physical memory or swap space
#   Check if swap backing store is full
#   Use 64 bit Java on a 64 bit OS
#   Decrease Java heap size (-Xmx/-Xms)
#   Decrease number of Java threads
#   Decrease Java thread stack sizes (-Xss)
#   Set larger code cache with -XX:ReservedCodeCacheSize=
# This output file may be truncated or incomplete.
#
#  Out of Memory Error (allocation.cpp:390), pid=1576, tid=7880
#
# JRE version: Java(TM) SE Runtime Environment (8.0_71-b15) (build 1.8.0_71-b15)
# Java VM: Java HotSpot(TM) 64-Bit Server VM (25.71-b15 mixed mode windows-amd64 compressed oops)
# Failed to write core dump. Minidumps are not enabled by default on client versions of Windows
#

---------------  T H R E A D  ---------------

Current thread (0x0000000055028000):  JavaThread "C2 CompilerThread0" daemon [_thread_in_native, id=7880, stack(0x0000000057310000,0x0000000057410000)]

Stack: [0x0000000057310000,0x0000000057410000]
[error occurred during error reporting (printing stack bounds), id 0xc0000005]

Native frames: (J=compiled Java code, j=interpreted, Vv=VM code, C=native code)


Current CompileTask:
C2:    763  640       4       com.android.dx.ssa.SsaBasicBlock::forEachInsn (37 bytes)


---------------  P R O C E S S  ---------------

Java Threads: ( => current thread )
  0x0000000057622800 JavaThread "pool-1-thread-4" [_thread_blocked, id=5320, stack(0x0000000057d40000,0x0000000057e40000)]
  0x0000000057612800 JavaThread "pool-1-thread-3" [_thread_in_Java, id=6952, stack(0x0000000057fd0000,0x00000000580d0000)]
  0x0000000057590000 JavaThread "pool-1-thread-2" [_thread_in_Java, id=5260, stack(0x0000000057830000,0x0000000057930000)]
  0x000000005758c000 JavaThread "pool-2-thread-1" [_thread_blocked, id=1468, stack(0x0000000057ec0000,0x0000000057fc0000)]
  0x0000000057587000 JavaThread "pool-1-thread-1" [_thread_in_vm, id=7296, stack(0x0000000057c40000,0x0000000057d40000)]
  0x0000000057469000 JavaThread "Service Thread" daemon [_thread_blocked, id=988, stack(0x0000000057930000,0x0000000057a30000)]
  0x0000000057467800 JavaThread "C1 CompilerThread2" daemon [_thread_blocked, id=4284, stack(0x0000000057010000,0x0000000057110000)]
  0x000000005502e000 JavaThread "C2 CompilerThread1" daemon [_thread_blocked, id=788, stack(0x0000000056960000,0x0000000056a60000)]
=>0x0000000055028000 JavaThread "C2 CompilerThread0" daemon [_thread_in_native, id=7880, stack(0x0000000057310000,0x0000000057410000)]
  0x0000000055022000 JavaThread "Attach Listener" daemon [_thread_blocked, id=4016, stack(0x0000000057160000,0x0000000057260000)]
  0x0000000055020800 JavaThread "Signal Dispatcher" daemon [_thread_blocked, id=5376, stack(0x0000000056ef0000,0x0000000056ff0000)]
  0x0000000054fc1000 JavaThread "Finalizer" daemon [_thread_blocked, id=7664, stack(0x0000000056d70000,0x0000000056e70000)]
  0x0000000054fc0000 JavaThread "Reference Handler" daemon [_thread_blocked, id=5524, stack(0x0000000056c00000,0x0000000056d00000)]
  0x000000000026e000 JavaThread "main" [_thread_in_Java, id=4712, stack(0x0000000002390000,0x0000000002490000)]

Other Threads:
  0x0000000054fba000 VMThread [stack: 0x0000000056a60000,0x0000000056b60000] [id=5856]
  0x000000005747a000 WatcherThread [stack: 0x0000000057b10000,0x0000000057c10000] [id=7932]

VM state:not at safepoint (normal execution)

VM Mutex/Monitor currently owned by a thread: None

Heap:
 PSYoungGen      total 36864K, used 14867K [0x00000000eab00000, 0x00000000ed400000, 0x0000000100000000)
  eden space 31744K, 46% used [0x00000000eab00000,0x00000000eb984d58,0x00000000eca00000)
  from space 5120K, 0% used [0x00000000ecf00000,0x00000000ecf00000,0x00000000ed400000)
  to   space 5120K, 0% used [0x00000000eca00000,0x00000000eca00000,0x00000000ecf00000)
 ParOldGen       total 84992K, used 0K [0x00000000c0000000, 0x00000000c5300000, 0x00000000eab00000)
  object space 84992K, 0% used [0x00000000c0000000,0x00000000c0000000,0x00000000c5300000)
 Metaspace       used 5605K, capacity 6640K, committed 6784K, reserved 1056768K
  class space    used 591K, capacity 616K, committed 640K, reserved 1048576K

Card table byte_map: [0x0000000011c10000,0x0000000011e20000] byte_map_base: 0x0000000011610000

Marking Bits: (ParMarkBitMap*) 0x000000005689f600
 Begin Bits: [0x0000000012430000, 0x0000000013430000)
 End Bits:   [0x0000000013430000, 0x0000000014430000)

Polling page: 0x0000000000230000

CodeCache: size=245760Kb used=2488Kb max_used=2488Kb free=243271Kb
 bounds [0x0000000002850000, 0x0000000002ac0000, 0x0000000011850000]
 total_blobs=912 nmethods=644 adapters=180
 compilation: disabled (not enough contiguous free space left)

Compilation events (10 events):
Event: 0.753 Thread 0x0000000057467800  644       3       com.android.dx.util.LabeledList::getMaxLabel (47 bytes)
Event: 0.753 Thread 0x0000000057467800 nmethod 644 0x0000000002abe9d0 code [0x0000000002abeb60, 0x0000000002abefd8]
Event: 0.753 Thread 0x0000000057467800  643       3       com.android.dx.rop.code.ThrowingCstInsn::accept (8 bytes)
Event: 0.753 Thread 0x0000000057467800 nmethod 643 0x0000000002abf150 code [0x0000000002abf2c0, 0x0000000002abf4e8]
Event: 0.753 Thread 0x0000000057467800  642       3       com.android.dx.rop.code.BasicBlockList::set (12 bytes)
Event: 0.754 Thread 0x0000000057467800 nmethod 642 0x0000000002abf5d0 code [0x0000000002abf740, 0x0000000002abf8e8]
Event: 0.754 Thread 0x0000000057467800  645   !   3       com.android.dx.rop.code.RegisterSpecSet::get (18 bytes)
Event: 0.754 Thread 0x0000000057467800 nmethod 645 0x0000000002abf990 code [0x0000000002abfb00, 0x0000000002abfd68]
Event: 0.754 Thread 0x0000000057467800  646       3       com.android.dx.rop.code.Insn::getLocalAssignment (48 bytes)
Event: 0.754 Thread 0x0000000057467800 


GC Heap History (0 events):
No events

Deoptimization events (2 events):
Event: 0.633 Thread 0x0000000057612800 Uncommon trap: reason=unstable_if action=reinterpret pc=0x0000000002a3f408 method=java.util.HashMap.getNode(ILjava/lang/Object;)Ljava/util/HashMap$Node; @ 129
Event: 0.646 Thread 0x0000000057590000 Uncommon trap: reason=unstable_if action=reinterpret pc=0x0000000002a4e520 method=java.util.BitSet.nextSetBit(I)I @ 87

Internal exceptions (2 events):
Event: 0.043 Thread 0x000000000026e000 Exception <a 'java/lang/NoSuchMethodError': Method sun.misc.Unsafe.defineClass(Ljava/lang/String;[BII)Ljava/lang/Class; name or signature does not match> (0x00000000eab12e20) thrown at [C:\re\workspace\8-2-build-windows-amd64-cygwin\jdk8u71\5731\hotspot\sråyƒlê4¶?
Event: 0.043 Thread 0x000000000026e000 Exception <a 'java/lang/NoSuchMethodError': Method sun.misc.Unsafe.prefetchRead(Ljava/lang/Object;J)V name or signature does not match> (0x00000000eab13108) thrown at [C:\re\workspace\8-2-build-windows-amd64-cygwin\jdk8u71\5731\hotspot\src\share\vm\prims\j

Events (10 events):
Event: 0.631 loading class com/android/dx/ssa/PhiInsn$Operand
Event: 0.631 loading class com/android/dx/ssa/PhiInsn$Operand done
Event: 0.633 Thread 0x0000000057612800 Uncommon trap: trap_request=0xffffff65 fr.pc=0x0000000002a3f408
Event: 0.633 Thread 0x0000000057612800 DEOPT PACKING pc=0x0000000002a3f408 sp=0x00000000580ce2b0
Event: 0.633 Thread 0x0000000057612800 DEOPT UNPACKING pc=0x000000000289582a sp=0x00000000580ce228 mode 2
Event: 0.638 loading class com/android/dx/ssa/back/FirstFitLocalCombiningAllocator$Multiset
Event: 0.638 loading class com/android/dx/ssa/back/FirstFitLocalCombiningAllocator$Multiset done
Event: 0.646 Thread 0x0000000057590000 Uncommon trap: trap_request=0xffffff65 fr.pc=0x0000000002a4e520
Event: 0.646 Thread 0x0000000057590000 DEOPT PACKING pc=0x0000000002a4e520 sp=0x000000005792ea90
Event: 0.646 Thread 0x0000000057590000 DEOPT UNPACKING pc=0x000000000289582a sp=0x000000005792ea28 mode 2


Dynamic libraries:
0x000000013f090000 - 0x000000013f0c7000 	C:\Program Files\Java\jdk1.8.0_71\bin\java.exe
0x0000000077050000 - 0x00000000771f9000 	C:\Windows\SYSTEM32\ntdll.dll
0x0000000076f30000 - 0x000000007704f000 	C:\Windows\system32\kernel32.dll
0x000007fefd050000 - 0x000007fefd0bb000 	C:\Windows\system32\KERNELBASE.dll
0x000007fefeab0000 - 0x000007fefeb8b000 	C:\Windows\system32\ADVAPI32.dll
0x000007fefea10000 - 0x000007fefeaaf000 	C:\Windows\system32\msvcrt.dll
0x000007fefd880000 - 0x000007fefd89f000 	C:\Windows\SYSTEM32\sechost.dll
0x000007fefdb50000 - 0x000007fefdc7d000 	C:\Windows\system32\RPCRT4.dll
0x0000000076e30000 - 0x0000000076f2a000 	C:\Windows\system32\USER32.dll
0x000007fefd5d0000 - 0x000007fefd637000 	C:\Windows\system32\GDI32.dll
0x000007fefee60000 - 0x000007fefee6e000 	C:\Windows\system32\LPK.dll
0x000007fefda80000 - 0x000007fefdb49000 	C:\Windows\system32\USP10.dll
0x000007fefc0a0000 - 0x000007fefc294000 	C:\Windows\WinSxS\amd64_microsoft.windows.common-controls_6595b64144ccf1df_6.0.7601.17514_none_fa396087175ac9ac\COMCTL32.dll
0x000007fefd800000 - 0x000007fefd871000 	C:\Windows\system32\SHLWAPI.dll
0x000007fefd9b0000 - 0x000007fefd9de000 	C:\Windows\system32\IMM32.DLL
0x000007fefd8a0000 - 0x000007fefd9a9000 	C:\Windows\system32\MSCTF.dll
0x00000000611d0000 - 0x00000000612a2000 	C:\Program Files\Java\jdk1.8.0_71\jre\bin\msvcr100.dll
0x0000000056090000 - 0x000000005691f000 	C:\Program Files\Java\jdk1.8.0_71\jre\bin\server\jvm.dll
0x000007fefbef0000 - 0x000007fefbef9000 	C:\Windows\system32\WSOCK32.dll
0x000007fefd650000 - 0x000007fefd69d000 	C:\Windows\system32\WS2_32.dll
0x000007fefd640000 - 0x000007fefd648000 	C:\Windows\system32\NSI.dll
0x000007fefa5b0000 - 0x000007fefa5eb000 	C:\Windows\system32\WINMM.dll
0x000007fefbee0000 - 0x000007fefbeec000 	C:\Windows\system32\VERSION.dll
0x0000000077210000 - 0x0000000077217000 	C:\Windows\system32\PSAPI.DLL
0x000000006d8f0000 - 0x000000006d8ff000 	C:\Program Files\Java\jdk1.8.0_71\jre\bin\verify.dll
0x000000006be20000 - 0x000000006be49000 	C:\Program Files\Java\jdk1.8.0_71\jre\bin\java.dll
0x000000006c000000 - 0x000000006c016000 	C:\Program Files\Java\jdk1.8.0_71\jre\bin\zip.dll
0x000007fefdc80000 - 0x000007fefea08000 	C:\Windows\system32\SHELL32.dll
0x000007feff150000 - 0x000007feff353000 	C:\Windows\system32\ole32.dll
0x000007fefcfa0000 - 0x000007fefcfaf000 	C:\Windows\system32\profapi.dll

VM Arguments:
jvm_args: -Djava.awt.headless=true -Xmx1024M -Dfile.encoding=windows-1251 -Duser.country=RU -Duser.language=ru -Duser.variant 
java_command: com.android.dx.command.Main --dex --force-jumbo --num-threads=4 --output C:\Users\Public\AndroidStudioProjects\FindBeer\app\build\intermediates\pre-dexed\debug\instant-run_2330b25d193b2daf7c1a5e3aebbf21327b23d8c9.jar C:\Users\Public\AndroidStudioProjects\FindBeer\app\build\intermediates\incremental-runtime-classes\debug\instant-run.jar
java_class_path (initial): C:\Users\Alexander\AppData\Local\Android\sdk\build-tools\24.0.2\lib\dx.jar
Launcher Type: SUN_STANDARD

Environment Variables:
PATH=C:\ProgramData\Oracle\Java\javapath;C:\apache-maven-3.3.9\bin
USERNAME=Alexander
OS=Windows_NT
PROCESSOR_IDENTIFIER=Intel64 Family 6 Model 58 Stepping 9, GenuineIntel



---------------  S Y S T E M  ---------------

OS: Windows 7 , 64 bit Build 7601 (6.1.7601.17514)

CPU:total 4 (2 cores per cpu, 2 threads per core) family 6 model 58 stepping 9, cmov, cx8, fxsr, mmx, sse, sse2, sse3, ssse3, sse4.1, sse4.2, popcnt, avx, aes, clmul, erms, ht, tsc, tscinvbit, tscinv

Memory: 4k page, physical 8077104k(836372k free), swap 8075260k(5116k free)

vm_info: Java HotSpot(TM) 64-Bit Server VM (25.71-b15) for windows-amd64 JRE (1.8.0_71-b15), built on Dec 22 2015 18:15:55 by "java_re" with MS VC++ 10.0 (VS2010)

time: Sun Sep 25 19:27:33 2016
elapsed time: 0 seconds (0d 0h 0m 0s)

